<?xml version="1.0" encoding="UTF-8"?>
<!-- Generated by org.testng.reporters.JUnitXMLReporter -->
<testsuite ignored="0" hostname="PRATIKSHYA" failures="1" tests="2" name="Error Validations" time="11.852" errors="0" timestamp="2025-04-04T06:28:42 IST">
  <testcase classname="Udemy.SeleniumFrameworkDesign.ErrorValidations" name="loginErrorValidations" time="1.092">
    <skipped/>
  </testcase> <!-- loginErrorValidations -->
  <testcase classname="Udemy.SeleniumFrameworkDesign.ErrorValidations" name="loginErrorValidations" time="1.126">
    <failure type="java.lang.AssertionError" message="expected [Incorrect email or password.] but found [Incorrect email password.]">
      <![CDATA[java.lang.AssertionError: expected [Incorrect email or password.] but found [Incorrect email password.]
at Udemy.SeleniumFrameworkDesign.ErrorValidations.loginErrorValidations(ErrorValidations.java:20)
at java.base/java.util.ArrayList.forEach(ArrayList.java:1596)
... Removed 31 stack frames]]>
    </failure>
  </testcase> <!-- loginErrorValidations -->
</testsuite> <!-- Error Validations -->
